<?xml version="1.0" encoding="UTF-8"?>
<!-- Generated by org.testng.reporters.JUnitReportReporter -->
<testsuite hostname="UKLONDLP66" failures="0" tests="1" name="BasicUsage.BasicUsage" time="15.989" errors="0" timestamp="2020-02-26T15:09:15 GMT" skipped="0">
  <testcase classname="BasicUsage.BasicUsage" name="dragdrop" time="15.989"/>
  <system-out/>
</testsuite> <!-- BasicUsage.BasicUsage -->
